13:26:59,698 DEBUG InternalLoggerFactory:53 - Using Log4J as the default logging framework
13:26:59,724 DEBUG ResourceLeakDetector:130 - -Dio.netty.leakDetection.level: simple
13:26:59,725 DEBUG ResourceLeakDetector:131 - -Dio.netty.leakDetection.targetRecords: 4
13:26:59,742 DEBUG ResourceLeakDetectorFactory:195 - Loaded default ResourceLeakDetector: io.netty.util.ResourceLeakDetector@6c000e0c
13:26:59,809 DEBUG PlatformDependent:1003 - Platform: Windows
13:26:59,816 DEBUG PlatformDependent0:396 - -Dio.netty.noUnsafe: false
13:26:59,818 DEBUG PlatformDependent0:852 - Java version: 14
13:26:59,823 DEBUG PlatformDependent0:121 - sun.misc.Unsafe.theUnsafe: available
13:26:59,826 DEBUG PlatformDependent0:145 - sun.misc.Unsafe.copyMemory: available
13:26:59,829 DEBUG PlatformDependent0:183 - java.nio.Buffer.address: available
13:26:59,832 DEBUG PlatformDependent0:253 - direct buffer constructor: unavailable
java.lang.UnsupportedOperationException: Reflective setAccessible(true) disabled
	at io.netty.util.internal.ReflectionUtil.trySetAccessible(ReflectionUtil.java:31)
	at io.netty.util.internal.PlatformDependent0$4.run(PlatformDependent0.java:225)
	at java.base/java.security.AccessController.doPrivileged(AccessController.java:312)
	at io.netty.util.internal.PlatformDependent0.<clinit>(PlatformDependent0.java:219)
	at io.netty.util.internal.PlatformDependent.isAndroid(PlatformDependent.java:289)
	at io.netty.util.internal.PlatformDependent.<clinit>(PlatformDependent.java:92)
	at io.netty.util.HashedWheelTimer.<init>(HashedWheelTimer.java:109)
	at io.netty.util.HashedWheelTimer.<init>(HashedWheelTimer.java:218)
	at io.netty.util.HashedWheelTimer.<init>(HashedWheelTimer.java:197)
	at io.netty.util.HashedWheelTimer.<init>(HashedWheelTimer.java:179)
	at io.netty.util.HashedWheelTimer.<init>(HashedWheelTimer.java:163)
	at org.asynchttpclient.DefaultAsyncHttpClient.newNettyTimer(DefaultAsyncHttpClient.java:97)
	at org.asynchttpclient.DefaultAsyncHttpClient.<init>(DefaultAsyncHttpClient.java:87)
	at org.asynchttpclient.DefaultAsyncHttpClient.<init>(DefaultAsyncHttpClient.java:71)
	at org.asynchttpclient.Dsl.asyncHttpClient(Dsl.java:28)
	at org.openqa.selenium.remote.http.netty.NettyClient.<clinit>(NettyClient.java:35)
	at org.openqa.selenium.remote.http.netty.NettyClient$Factory.createClient(NettyClient.java:76)
	at org.openqa.selenium.remote.http.HttpClient$Factory.createClient(HttpClient.java:71)
	at org.openqa.selenium.remote.HttpCommandExecutor.<init>(HttpCommandExecutor.java:90)
	at org.openqa.selenium.remote.HttpCommandExecutor.<init>(HttpCommandExecutor.java:73)
	at org.openqa.selenium.remote.service.DriverCommandExecutor.<init>(DriverCommandExecutor.java:63)
	at org.openqa.selenium.chromium.ChromiumDriverCommandExecutor.<init>(ChromiumDriverCommandExecutor.java:66)
	at org.openqa.selenium.chrome.ChromeDriver.<init>(ChromeDriver.java:163)
	at org.openqa.selenium.chrome.ChromeDriver.<init>(ChromeDriver.java:150)
	at org.openqa.selenium.chrome.ChromeDriver.<init>(ChromeDriver.java:105)
	at com.w2a.utilities.Base.driverInitialization(Base.java:57)
	at com.w2a.testcases.TestCase_03.SetUp(TestCase_03.java:22)
	at java.base/jdk.internal.reflect.NativeMethodAccessorImpl.invoke0(Native Method)
	at java.base/jdk.internal.reflect.NativeMethodAccessorImpl.invoke(NativeMethodAccessorImpl.java:62)
	at java.base/jdk.internal.reflect.DelegatingMethodAccessorImpl.invoke(DelegatingMethodAccessorImpl.java:43)
	at java.base/java.lang.reflect.Method.invoke(Method.java:564)
	at org.testng.internal.MethodInvocationHelper.invokeMethod(MethodInvocationHelper.java:134)
	at org.testng.internal.MethodInvocationHelper.invokeMethodConsideringTimeout(MethodInvocationHelper.java:63)
	at org.testng.internal.ConfigInvoker.invokeConfigurationMethod(ConfigInvoker.java:348)
	at org.testng.internal.ConfigInvoker.invokeConfigurations(ConfigInvoker.java:302)
	at org.testng.TestRunner.invokeTestConfigurations(TestRunner.java:619)
	at org.testng.TestRunner.beforeRun(TestRunner.java:609)
	at org.testng.TestRunner.run(TestRunner.java:580)
	at org.testng.SuiteRunner.runTest(SuiteRunner.java:384)
	at org.testng.SuiteRunner.runSequentially(SuiteRunner.java:378)
	at org.testng.SuiteRunner.privateRun(SuiteRunner.java:337)
	at org.testng.SuiteRunner.run(SuiteRunner.java:286)
	at org.testng.SuiteRunnerWorker.runSuite(SuiteRunnerWorker.java:53)
	at org.testng.SuiteRunnerWorker.run(SuiteRunnerWorker.java:96)
	at org.testng.TestNG.runSuitesSequentially(TestNG.java:1187)
	at org.testng.TestNG.runSuitesLocally(TestNG.java:1109)
	at org.testng.TestNG.runSuites(TestNG.java:1039)
	at org.testng.TestNG.run(TestNG.java:1007)
	at org.testng.remote.AbstractRemoteTestNG.run(AbstractRemoteTestNG.java:115)
	at org.testng.remote.RemoteTestNG.initAndRun(RemoteTestNG.java:251)
	at org.testng.remote.RemoteTestNG.main(RemoteTestNG.java:77)
13:26:59,847 DEBUG PlatformDependent0:314 - java.nio.Bits.unaligned: available, true
13:26:59,855 DEBUG PlatformDependent0:373 - jdk.internal.misc.Unsafe.allocateUninitializedArray(int): unavailable
java.lang.IllegalAccessException: class io.netty.util.internal.PlatformDependent0$6 cannot access class jdk.internal.misc.Unsafe (in module java.base) because module java.base does not export jdk.internal.misc to unnamed module @7c3fdb62
	at java.base/jdk.internal.reflect.Reflection.newIllegalAccessException(Reflection.java:376)
	at java.base/java.lang.reflect.AccessibleObject.checkAccess(AccessibleObject.java:647)
	at java.base/java.lang.reflect.Method.invoke(Method.java:556)
	at io.netty.util.internal.PlatformDependent0$6.run(PlatformDependent0.java:335)
	at java.base/java.security.AccessController.doPrivileged(AccessController.java:312)
	at io.netty.util.internal.PlatformDependent0.<clinit>(PlatformDependent0.java:326)
	at io.netty.util.internal.PlatformDependent.isAndroid(PlatformDependent.java:289)
	at io.netty.util.internal.PlatformDependent.<clinit>(PlatformDependent.java:92)
	at io.netty.util.HashedWheelTimer.<init>(HashedWheelTimer.java:109)
	at io.netty.util.HashedWheelTimer.<init>(HashedWheelTimer.java:218)
	at io.netty.util.HashedWheelTimer.<init>(HashedWheelTimer.java:197)
	at io.netty.util.HashedWheelTimer.<init>(HashedWheelTimer.java:179)
	at io.netty.util.HashedWheelTimer.<init>(HashedWheelTimer.java:163)
	at org.asynchttpclient.DefaultAsyncHttpClient.newNettyTimer(DefaultAsyncHttpClient.java:97)
	at org.asynchttpclient.DefaultAsyncHttpClient.<init>(DefaultAsyncHttpClient.java:87)
	at org.asynchttpclient.DefaultAsyncHttpClient.<init>(DefaultAsyncHttpClient.java:71)
	at org.asynchttpclient.Dsl.asyncHttpClient(Dsl.java:28)
	at org.openqa.selenium.remote.http.netty.NettyClient.<clinit>(NettyClient.java:35)
	at org.openqa.selenium.remote.http.netty.NettyClient$Factory.createClient(NettyClient.java:76)
	at org.openqa.selenium.remote.http.HttpClient$Factory.createClient(HttpClient.java:71)
	at org.openqa.selenium.remote.HttpCommandExecutor.<init>(HttpCommandExecutor.java:90)
	at org.openqa.selenium.remote.HttpCommandExecutor.<init>(HttpCommandExecutor.java:73)
	at org.openqa.selenium.remote.service.DriverCommandExecutor.<init>(DriverCommandExecutor.java:63)
	at org.openqa.selenium.chromium.ChromiumDriverCommandExecutor.<init>(ChromiumDriverCommandExecutor.java:66)
	at org.openqa.selenium.chrome.ChromeDriver.<init>(ChromeDriver.java:163)
	at org.openqa.selenium.chrome.ChromeDriver.<init>(ChromeDriver.java:150)
	at org.openqa.selenium.chrome.ChromeDriver.<init>(ChromeDriver.java:105)
	at com.w2a.utilities.Base.driverInitialization(Base.java:57)
	at com.w2a.testcases.TestCase_03.SetUp(TestCase_03.java:22)
	at java.base/jdk.internal.reflect.NativeMethodAccessorImpl.invoke0(Native Method)
	at java.base/jdk.internal.reflect.NativeMethodAccessorImpl.invoke(NativeMethodAccessorImpl.java:62)
	at java.base/jdk.internal.reflect.DelegatingMethodAccessorImpl.invoke(DelegatingMethodAccessorImpl.java:43)
	at java.base/java.lang.reflect.Method.invoke(Method.java:564)
	at org.testng.internal.MethodInvocationHelper.invokeMethod(MethodInvocationHelper.java:134)
	at org.testng.internal.MethodInvocationHelper.invokeMethodConsideringTimeout(MethodInvocationHelper.java:63)
	at org.testng.internal.ConfigInvoker.invokeConfigurationMethod(ConfigInvoker.java:348)
	at org.testng.internal.ConfigInvoker.invokeConfigurations(ConfigInvoker.java:302)
	at org.testng.TestRunner.invokeTestConfigurations(TestRunner.java:619)
	at org.testng.TestRunner.beforeRun(TestRunner.java:609)
	at org.testng.TestRunner.run(TestRunner.java:580)
	at org.testng.SuiteRunner.runTest(SuiteRunner.java:384)
	at org.testng.SuiteRunner.runSequentially(SuiteRunner.java:378)
	at org.testng.SuiteRunner.privateRun(SuiteRunner.java:337)
	at org.testng.SuiteRunner.run(SuiteRunner.java:286)
	at org.testng.SuiteRunnerWorker.runSuite(SuiteRunnerWorker.java:53)
	at org.testng.SuiteRunnerWorker.run(SuiteRunnerWorker.java:96)
	at org.testng.TestNG.runSuitesSequentially(TestNG.java:1187)
	at org.testng.TestNG.runSuitesLocally(TestNG.java:1109)
	at org.testng.TestNG.runSuites(TestNG.java:1039)
	at org.testng.TestNG.run(TestNG.java:1007)
	at org.testng.remote.AbstractRemoteTestNG.run(AbstractRemoteTestNG.java:115)
	at org.testng.remote.RemoteTestNG.initAndRun(RemoteTestNG.java:251)
	at org.testng.remote.RemoteTestNG.main(RemoteTestNG.java:77)
13:26:59,862 DEBUG PlatformDependent0:386 - java.nio.DirectByteBuffer.<init>(long, int): unavailable
13:26:59,863 DEBUG PlatformDependent:1046 - sun.misc.Unsafe: available
13:26:59,938 DEBUG PlatformDependent:1146 - maxDirectMemory: 1050673152 bytes (maybe)
13:26:59,948 DEBUG PlatformDependent:1165 - -Dio.netty.tmpdir: C:\Users\Subbu\AppData\Local\Temp (java.io.tmpdir)
13:26:59,949 DEBUG PlatformDependent:1244 - -Dio.netty.bitMode: 64 (sun.arch.data.model)
13:26:59,954 DEBUG PlatformDependent:177 - -Dio.netty.maxDirectMemory: -1 bytes
13:26:59,956 DEBUG PlatformDependent:184 - -Dio.netty.uninitializedArrayAllocationThreshold: -1
13:26:59,961 DEBUG CleanerJava9:71 - java.nio.ByteBuffer.cleaner(): available
13:26:59,962 DEBUG PlatformDependent:204 - -Dio.netty.noPreferDirect: false
13:27:00,012 DEBUG PlatformDependent:907 - org.jctools-core.MpscChunkedArrayQueue: available
13:27:00,307 DEBUG JdkSslContext:96 - Default protocols (JDK): [TLSv1.2, TLSv1.1, TLSv1] 
13:27:00,308 DEBUG JdkSslContext:97 - Default cipher suites (JDK): [TLS_ECDHE_ECDSA_WITH_AES_256_GCM_SHA384, TLS_ECDHE_ECDSA_WITH_AES_128_GCM_SHA256, TLS_ECDHE_RSA_WITH_AES_128_GCM_SHA256, TLS_ECDHE_RSA_WITH_AES_256_GCM_SHA384, TLS_ECDHE_RSA_WITH_AES_128_CBC_SHA, TLS_ECDHE_RSA_WITH_AES_256_CBC_SHA, TLS_RSA_WITH_AES_128_GCM_SHA256, TLS_RSA_WITH_AES_128_CBC_SHA, TLS_RSA_WITH_AES_256_CBC_SHA, TLS_AES_128_GCM_SHA256, TLS_AES_256_GCM_SHA384]
13:27:00,411 DEBUG InternalThreadLocalMap:56 - -Dio.netty.threadLocalMap.stringBuilder.initialSize: 1024
13:27:00,412 DEBUG InternalThreadLocalMap:59 - -Dio.netty.threadLocalMap.stringBuilder.maxSize: 4096
13:27:00,443 DEBUG MultithreadEventLoopGroup:44 - -Dio.netty.eventLoopThreads: 8
13:27:00,477 DEBUG NioEventLoop:106 - -Dio.netty.noKeySetOptimization: false
13:27:00,478 DEBUG NioEventLoop:107 - -Dio.netty.selectorAutoRebuildThreshold: 512
13:27:00,616 DEBUG PooledByteBufAllocator:156 - -Dio.netty.allocator.numHeapArenas: 8
13:27:00,617 DEBUG PooledByteBufAllocator:157 - -Dio.netty.allocator.numDirectArenas: 8
13:27:00,617 DEBUG PooledByteBufAllocator:159 - -Dio.netty.allocator.pageSize: 8192
13:27:00,618 DEBUG PooledByteBufAllocator:164 - -Dio.netty.allocator.maxOrder: 11
13:27:00,618 DEBUG PooledByteBufAllocator:168 - -Dio.netty.allocator.chunkSize: 16777216
13:27:00,619 DEBUG PooledByteBufAllocator:169 - -Dio.netty.allocator.tinyCacheSize: 512
13:27:00,619 DEBUG PooledByteBufAllocator:170 - -Dio.netty.allocator.smallCacheSize: 256
13:27:00,620 DEBUG PooledByteBufAllocator:171 - -Dio.netty.allocator.normalCacheSize: 64
13:27:00,621 DEBUG PooledByteBufAllocator:172 - -Dio.netty.allocator.maxCachedBufferCapacity: 32768
13:27:00,622 DEBUG PooledByteBufAllocator:173 - -Dio.netty.allocator.cacheTrimInterval: 8192
13:27:00,622 DEBUG PooledByteBufAllocator:174 - -Dio.netty.allocator.cacheTrimIntervalMillis: 0
13:27:00,623 DEBUG PooledByteBufAllocator:175 - -Dio.netty.allocator.useCacheForAllThreads: true
13:27:00,624 DEBUG PooledByteBufAllocator:176 - -Dio.netty.allocator.maxCachedByteBuffersPerChunk: 1023
13:27:00,652 DEBUG ByteBufUtil:86 - -Dio.netty.allocator.type: pooled
13:27:00,653 DEBUG ByteBufUtil:95 - -Dio.netty.threadLocalDirectBufferSize: 0
13:27:00,653 DEBUG ByteBufUtil:98 - -Dio.netty.maxThreadLocalCharBufferSize: 16384
13:27:02,552 DEBUG DefaultChannelId:79 - -Dio.netty.processId: 3856 (auto-detected)
13:27:02,559 DEBUG NetUtil:139 - -Djava.net.preferIPv4Stack: false
13:27:02,560 DEBUG NetUtil:140 - -Djava.net.preferIPv6Addresses: false
13:27:02,572 DEBUG NetUtil:224 - Loopback interface: lo (Software Loopback Interface 1, 127.0.0.1)
13:27:02,575 DEBUG NetUtil:289 - Failed to get SOMAXCONN from sysctl and file \proc\sys\net\core\somaxconn. Default: 200
13:27:02,600 DEBUG DefaultChannelId:101 - -Dio.netty.machineId: 00:00:00:00:00:00:00:e0 (auto-detected)
13:27:02,810 DEBUG AbstractByteBuf:63 - -Dio.netty.buffer.checkAccessible: true
13:27:02,812 DEBUG AbstractByteBuf:64 - -Dio.netty.buffer.checkBounds: true
13:27:02,812 DEBUG ResourceLeakDetectorFactory:195 - Loaded default ResourceLeakDetector: io.netty.util.ResourceLeakDetector@57b7133d
13:27:02,921 DEBUG Recycler:97 - -Dio.netty.recycler.maxCapacityPerThread: 4096
13:27:02,922 DEBUG Recycler:98 - -Dio.netty.recycler.maxSharedCapacityFactor: 2
13:27:02,923 DEBUG Recycler:99 - -Dio.netty.recycler.linkCapacity: 16
13:27:02,924 DEBUG Recycler:100 - -Dio.netty.recycler.ratio: 8
13:27:05,680 DEBUG ThreadLocalRandom:212 - -Dio.netty.initialSeedUniquifier: 0x7fd2b9a9d35c3467
13:27:11,384 DEBUG devpinoyLogger:69 - Navigated to :http://www.way2automation.com/angularjs-protractor/banking/#/login successfully
13:27:11,856 DEBUG devpinoyLogger:25 - Bank Manager Login page is successfully opened
